<?xml version="1.0" encoding="UTF-8"?>
<!-- Generated by org.testng.reporters.JUnitReportReporter -->
<testsuite hostname="DESKTOP-554G7MR" failures="0" tests="2" name="com.edusoln.runner.TestRunner" time="35.252" errors="0" timestamp="2022-08-15T06:26:24 IST" skipped="0">
  <testcase classname="com.edusoln.runner.TestRunner" name="testcase" time="16.771"/>
  <system-out/>
  <testcase classname="com.edusoln.runner.TestRunner" name="testcase" time="18.481"/>
  <system-out/>
</testsuite> <!-- com.edusoln.runner.TestRunner -->
